# JRE version: Java(TM) SE Runtime Environment (8.0_121-b13) (build 1.8.0_121-b13)
# Java VM: Java HotSpot(TM) 64-Bit Server VM (25.121-b13 mixed mode bsd-amd64 compressed oops)
Heap:
 garbage-first heap   total 271360K, used 141063K [0x0000000780000000, 0x0000000780100848, 0x00000007c0000000)
  region size 1024K, 41 young (41984K), 5 survivors (5120K)
 Metaspace       used 114652K, capacity 125592K, committed 125848K, reserved 1159168K
  class space    used 13823K, capacity 17006K, committed 17048K, reserved 1048576K
GC Heap History (10 events):
Event: 16794.899 GC heap before
{Heap before GC invocations=909 (full 0):
 garbage-first heap   total 271360K, used 236152K [0x0000000780000000, 0x0000000780100848, 0x00000007c0000000)
  region size 1024K, 134 young (137216K), 6 survivors (6144K)
 Metaspace       used 114566K, capacity 125464K, committed 125592K, reserved 1157120K
  class space    used 13823K, capacity 17006K, committed 17048K, reserved 1048576K
Event: 16794.905 GC heap after
Heap after GC invocations=910 (full 0):
 garbage-first heap   total 271360K, used 104016K [0x0000000780000000, 0x0000000780100848, 0x00000007c0000000)
  region size 1024K, 5 young (5120K), 5 survivors (5120K)
 Metaspace       used 114566K, capacity 125464K, committed 125592K, reserved 1157120K
  class space    used 13823K, capacity 17006K, committed 17048K, reserved 1048576K
}
Event: 16798.687 GC heap before
{Heap before GC invocations=910 (full 0):
 garbage-first heap   total 271360K, used 237136K [0x0000000780000000, 0x0000000780100848, 0x00000007c0000000)
  region size 1024K, 135 young (138240K), 5 survivors (5120K)
 Metaspace       used 114572K, capacity 125464K, committed 125592K, reserved 1157120K
  class space    used 13823K, capacity 17006K, committed 17048K, reserved 1048576K
Event: 16798.695 GC heap after
Heap after GC invocations=911 (full 0):
 garbage-first heap   total 271360K, used 108491K [0x0000000780000000, 0x0000000780100848, 0x00000007c0000000)
  region size 1024K, 9 young (9216K), 9 survivors (9216K)
 Metaspace       used 114572K, capacity 125464K, committed 125592K, reserved 1157120K
  class space    used 13823K, capacity 17006K, committed 17048K, reserved 1048576K
}
Event: 16799.204 GC heap before
{Heap before GC invocations=911 (full 0):
 garbage-first heap   total 271360K, used 233419K [0x0000000780000000, 0x0000000780100848, 0x00000007c0000000)
  region size 1024K, 131 young (134144K), 9 survivors (9216K)
 Metaspace       used 114579K, capacity 125464K, committed 125592K, reserved 1157120K
  class space    used 13823K, capacity 17006K, committed 17048K, reserved 1048576K
Event: 16799.215 GC heap after
Heap after GC invocations=912 (full 0):
 garbage-first heap   total 271360K, used 112255K [0x0000000780000000, 0x0000000780100848, 0x00000007c0000000)
  region size 1024K, 13 young (13312K), 13 survivors (13312K)
 Metaspace       used 114579K, capacity 125464K, committed 125592K, reserved 1157120K
  class space    used 13823K, capacity 17006K, committed 17048K, reserved 1048576K
}
Event: 16799.567 GC heap before
{Heap before GC invocations=912 (full 0):
 garbage-first heap   total 271360K, used 228991K [0x0000000780000000, 0x0000000780100848, 0x00000007c0000000)
  region size 1024K, 127 young (130048K), 13 survivors (13312K)
 Metaspace       used 114580K, capacity 125464K, committed 125592K, reserved 1157120K
  class space    used 13823K, capacity 17006K, committed 17048K, reserved 1048576K
Event: 16799.576 GC heap after
Heap after GC invocations=913 (full 0):
 garbage-first heap   total 271360K, used 108295K [0x0000000780000000, 0x0000000780100848, 0x00000007c0000000)
  region size 1024K, 8 young (8192K), 8 survivors (8192K)
 Metaspace       used 114580K, capacity 125464K, committed 125592K, reserved 1157120K
  class space    used 13823K, capacity 17006K, committed 17048K, reserved 1048576K
}
Event: 16808.718 GC heap before
{Heap before GC invocations=913 (full 0):
 garbage-first heap   total 271360K, used 234247K [0x0000000780000000, 0x0000000780100848, 0x00000007c0000000)
  region size 1024K, 131 young (134144K), 8 survivors (8192K)
 Metaspace       used 114619K, capacity 125592K, committed 125848K, reserved 1159168K
  class space    used 13823K, capacity 17006K, committed 17048K, reserved 1048576K
Event: 16808.728 GC heap after
Heap after GC invocations=914 (full 0):
 garbage-first heap   total 271360K, used 105223K [0x0000000780000000, 0x0000000780100848, 0x00000007c0000000)
  region size 1024K, 5 young (5120K), 5 survivors (5120K)
 Metaspace       used 114619K, capacity 125592K, committed 125848K, reserved 1159168K
  class space    used 13823K, capacity 17006K, committed 17048K, reserved 1048576K
}

